<?xml version="1.0" encoding="UTF-8" ?>
<testsuite errors="0" failures="1" hostname="kevin-VirtualBox" name="RennenTest" skipped="0" tests="6" time="0.069" timestamp="2016-07-25T06:38:44">
  <properties>
[...]
</properties>
  <testcase classname="RennenTest" name="testErmittleGewinner" time="0.003" />
  <testcase classname="RennenTest" name="testToString" time="0.002" />
  <testcase classname="RennenTest" name="testLasseSchneckenKriechen" time="0.0" />
  <testcase classname="RennenTest" name="testKonstruktor" time="0.0" />
  <testcase classname="RennenTest" name="testRemoveRennschnecke" time="0.0" />
  <testcase classname="RennenTest" name="testDurchführen" time="0.005">
    <failure type="junit.framework.AssertionFailedError">junit.framework.AssertionFailedError
	at RennenTest.testDurchführen(RennenTest.java:44)
</failure>
  </testcase>
  <system-out><![CDATA[Gewinner ist	Name:	Test
Rasse:	Test
Höchstgeschwindigkeit:	1000
Strecke:	10288
]]></system-out>
  <system-err><![CDATA[]]></system-err>
</testsuite>
